# JRE version: OpenJDK Runtime Environment (8.0_76-b03) (build 1.8.0_76-release-b03)
# Java VM: OpenJDK 64-Bit Server VM (25.76-b03 mixed mode windows-amd64 compressed oops)
Heap:
 PSYoungGen      total 125952K, used 42194K [0x00000000e0000000, 0x00000000e9b80000, 0x0000000100000000)
  eden space 103936K, 40% used [0x00000000e0000000,0x00000000e2934a70,0x00000000e6580000)
  from space 22016K, 0% used [0x00000000e6580000,0x00000000e6580000,0x00000000e7b00000)
  to   space 23552K, 0% used [0x00000000e8480000,0x00000000e8480000,0x00000000e9b80000)
 ParOldGen       total 104448K, used 40574K [0x00000000a0000000, 0x00000000a6600000, 0x00000000e0000000)
  object space 104448K, 38% used [0x00000000a0000000,0x00000000a279f8b8,0x00000000a6600000)
 Metaspace       used 52365K, capacity 54466K, committed 54528K, reserved 1095680K
  class space    used 7179K, capacity 7680K, committed 7680K, reserved 1048576K
GC Heap History (10 events):
Event: 10.692 GC heap before
{Heap before GC invocations=14 (full 2):
 PSYoungGen      total 81408K, used 78279K [0x00000000e0000000, 0x00000000e6b00000, 0x0000000100000000)
  eden space 70144K, 100% used [0x00000000e0000000,0x00000000e4480000,0x00000000e4480000)
  from space 11264K, 72% used [0x00000000e4480000,0x00000000e4c71c50,0x00000000e4f80000)
  to   space 11264K, 0% used [0x00000000e6000000,0x00000000e6000000,0x00000000e6b00000)
 ParOldGen       total 104448K, used 15475K [0x00000000a0000000, 0x00000000a6600000, 0x00000000e0000000)
  object space 104448K, 14% used [0x00000000a0000000,0x00000000a0f1ce80,0x00000000a6600000)
 Metaspace       used 44639K, capacity 45728K, committed 45824K, reserved 1089536K
  class space    used 6031K, capacity 6338K, committed 6400K, reserved 1048576K
Event: 10.704 GC heap after
Heap after GC invocations=14 (full 2):
 PSYoungGen      total 96768K, used 11240K [0x00000000e0000000, 0x00000000e6f00000, 0x0000000100000000)
  eden space 85504K, 0% used [0x00000000e0000000,0x00000000e0000000,0x00000000e5380000)
  from space 11264K, 99% used [0x00000000e6000000,0x00000000e6afa160,0x00000000e6b00000)
  to   space 12800K, 0% used [0x00000000e5380000,0x00000000e5380000,0x00000000e6000000)
 ParOldGen       total 104448K, used 16620K [0x00000000a0000000, 0x00000000a6600000, 0x00000000e0000000)
  object space 104448K, 15% used [0x00000000a0000000,0x00000000a103b358,0x00000000a6600000)
 Metaspace       used 44639K, capacity 45728K, committed 45824K, reserved 1089536K
  class space    used 6031K, capacity 6338K, committed 6400K, reserved 1048576K
}
Event: 11.948 GC heap before
{Heap before GC invocations=15 (full 2):
 PSYoungGen      total 96768K, used 96744K [0x00000000e0000000, 0x00000000e6f00000, 0x0000000100000000)
  eden space 85504K, 100% used [0x00000000e0000000,0x00000000e5380000,0x00000000e5380000)
  from space 11264K, 99% used [0x00000000e6000000,0x00000000e6afa160,0x00000000e6b00000)
  to   space 12800K, 0% used [0x00000000e5380000,0x00000000e5380000,0x00000000e6000000)
 ParOldGen       total 104448K, used 16620K [0x00000000a0000000, 0x00000000a6600000, 0x00000000e0000000)
  object space 104448K, 15% used [0x00000000a0000000,0x00000000a103b358,0x00000000a6600000)
 Metaspace       used 49405K, capacity 50816K, committed 51072K, reserved 1093632K
  class space    used 6689K, capacity 7040K, committed 7040K, reserved 1048576K
Event: 11.976 GC heap after
Heap after GC invocations=15 (full 2):
 PSYoungGen      total 98304K, used 12800K [0x00000000e0000000, 0x00000000e8b80000, 0x0000000100000000)
  eden space 85504K, 0% used [0x00000000e0000000,0x00000000e0000000,0x00000000e5380000)
  from space 12800K, 100% used [0x00000000e5380000,0x00000000e6000000,0x00000000e6000000)
  to   space 16896K, 0% used [0x00000000e7b00000,0x00000000e7b00000,0x00000000e8b80000)
 ParOldGen       total 104448K, used 22605K [0x00000000a0000000, 0x00000000a6600000, 0x00000000e0000000)
  object space 104448K, 21% used [0x00000000a0000000,0x00000000a1613678,0x00000000a6600000)
 Metaspace       used 49405K, capacity 50816K, committed 51072K, reserved 1093632K
  class space    used 6689K, capacity 7040K, committed 7040K, reserved 1048576K
}
Event: 12.840 GC heap before
{Heap before GC invocations=16 (full 2):
 PSYoungGen      total 98304K, used 98304K [0x00000000e0000000, 0x00000000e8b80000, 0x0000000100000000)
  eden space 85504K, 100% used [0x00000000e0000000,0x00000000e5380000,0x00000000e5380000)
  from space 12800K, 100% used [0x00000000e5380000,0x00000000e6000000,0x00000000e6000000)
  to   space 16896K, 0% used [0x00000000e7b00000,0x00000000e7b00000,0x00000000e8b80000)
 ParOldGen       total 104448K, used 22605K [0x00000000a0000000, 0x00000000a6600000, 0x00000000e0000000)
  object space 104448K, 21% used [0x00000000a0000000,0x00000000a1613678,0x00000000a6600000)
 Metaspace       used 51725K, capacity 53636K, committed 53760K, reserved 1095680K
  class space    used 7110K, capacity 7591K, committed 7680K, reserved 1048576K
Event: 12.869 GC heap after
Heap after GC invocations=16 (full 2):
 PSYoungGen      total 120832K, used 16864K [0x00000000e0000000, 0x00000000e9880000, 0x0000000100000000)
  eden space 103936K, 0% used [0x00000000e0000000,0x00000000e0000000,0x00000000e6580000)
  from space 16896K, 99% used [0x00000000e7b00000,0x00000000e8b781e8,0x00000000e8b80000)
  to   space 22016K, 0% used [0x00000000e6580000,0x00000000e6580000,0x00000000e7b00000)
 ParOldGen       total 104448K, used 30352K [0x00000000a0000000, 0x00000000a6600000, 0x00000000e0000000)
  object space 104448K, 29% used [0x00000000a0000000,0x00000000a1da40d0,0x00000000a6600000)
 Metaspace       used 51725K, capacity 53636K, committed 53760K, reserved 1095680K
  class space    used 7110K, capacity 7591K, committed 7680K, reserved 1048576K
}
Event: 12.948 GC heap before
{Heap before GC invocations=17 (full 2):
 PSYoungGen      total 120832K, used 23604K [0x00000000e0000000, 0x00000000e9880000, 0x0000000100000000)
  eden space 103936K, 6% used [0x00000000e0000000,0x00000000e0694f90,0x00000000e6580000)
  from space 16896K, 99% used [0x00000000e7b00000,0x00000000e8b781e8,0x00000000e8b80000)
  to   space 22016K, 0% used [0x00000000e6580000,0x00000000e6580000,0x00000000e7b00000)
 ParOldGen       total 104448K, used 30352K [0x00000000a0000000, 0x00000000a6600000, 0x00000000e0000000)
  object space 104448K, 29% used [0x00000000a0000000,0x00000000a1da40d0,0x00000000a6600000)
 Metaspace       used 52096K, capacity 54108K, committed 54272K, reserved 1095680K
  class space    used 7161K, capacity 7659K, committed 7680K, reserved 1048576K
Event: 12.966 GC heap after
Heap after GC invocations=17 (full 2):
 PSYoungGen      total 125952K, used 17824K [0x00000000e0000000, 0x00000000e9b80000, 0x0000000100000000)
  eden space 103936K, 0% used [0x00000000e0000000,0x00000000e0000000,0x00000000e6580000)
  from space 22016K, 80% used [0x00000000e6580000,0x00000000e76e8248,0x00000000e7b00000)
  to   space 23552K, 0% used [0x00000000e8480000,0x00000000e8480000,0x00000000e9b80000)
 ParOldGen       total 104448K, used 30360K [0x00000000a0000000, 0x00000000a6600000, 0x00000000e0000000)
  object space 104448K, 29% used [0x00000000a0000000,0x00000000a1da60d0,0x00000000a6600000)
 Metaspace       used 52096K, capacity 54108K, committed 54272K, reserved 1095680K
  class space    used 7161K, capacity 7659K, committed 7680K, reserved 1048576K
}
Event: 12.966 GC heap before
{Heap before GC invocations=18 (full 3):
 PSYoungGen      total 125952K, used 17824K [0x00000000e0000000, 0x00000000e9b80000, 0x0000000100000000)
  eden space 103936K, 0% used [0x00000000e0000000,0x00000000e0000000,0x00000000e6580000)
  from space 22016K, 80% used [0x00000000e6580000,0x00000000e76e8248,0x00000000e7b00000)
  to   space 23552K, 0% used [0x00000000e8480000,0x00000000e8480000,0x00000000e9b80000)
 ParOldGen       total 104448K, used 30360K [0x00000000a0000000, 0x00000000a6600000, 0x00000000e0000000)
  object space 104448K, 29% used [0x00000000a0000000,0x00000000a1da60d0,0x00000000a6600000)
 Metaspace       used 52096K, capacity 54108K, committed 54272K, reserved 1095680K
  class space    used 7161K, capacity 7659K, committed 7680K, reserved 1048576K
Event: 13.222 GC heap after
Heap after GC invocations=18 (full 3):
 PSYoungGen      total 125952K, used 0K [0x00000000e0000000, 0x00000000e9b80000, 0x0000000100000000)
  eden space 103936K, 0% used [0x00000000e0000000,0x00000000e0000000,0x00000000e6580000)
  from space 22016K, 0% used [0x00000000e6580000,0x00000000e6580000,0x00000000e7b00000)
  to   space 23552K, 0% used [0x00000000e8480000,0x00000000e8480000,0x00000000e9b80000)
 ParOldGen       total 104448K, used 40574K [0x00000000a0000000, 0x00000000a6600000, 0x00000000e0000000)
  object space 104448K, 38% used [0x00000000a0000000,0x00000000a279f8b8,0x00000000a6600000)
 Metaspace       used 52096K, capacity 54108K, committed 54272K, reserved 1095680K
  class space    used 7161K, capacity 7659K, committed 7680K, reserved 1048576K
}

